2015/03/14 19:27:04 [error] [exception.CException] exception 'CException' with message 'CAssetManager.basePath "/opt/lampp/htdocs/RetroApp/assets" is invalid. Please make sure the directory exists and is writable by the Web server process.' in /opt/lampp/htdocs/yii/framework/web/CAssetManager.php:138
Stack trace:
#0 /opt/lampp/htdocs/yii/framework/web/CAssetManager.php(123): CAssetManager->setBasePath('/opt/lampp/htdo...')
#1 /opt/lampp/htdocs/yii/framework/web/CAssetManager.php(217): CAssetManager->getBasePath()
#2 /opt/lampp/htdocs/yii/framework/web/CClientScript.php(510): CAssetManager->publish('/opt/lampp/htdo...')
#3 /opt/lampp/htdocs/yii/framework/web/CClientScript.php(547): CClientScript->getCoreScriptUrl()
#4 /opt/lampp/htdocs/yii/framework/web/CClientScript.php(348): CClientScript->getPackageBaseUrl('jquery')
#5 /opt/lampp/htdocs/yii/framework/web/CClientScript.php(208): CClientScript->renderCoreScripts()
#6 /opt/lampp/htdocs/yii/framework/web/CController.php(351): CClientScript->render('<!DOCTYPE html ...')
#7 /opt/lampp/htdocs/yii/framework/web/CController.php(788): CController->processOutput('<!DOCTYPE html ...')
#8 /opt/lampp/htdocs/RetroApp/protected/controllers/SiteController.php(75): CController->render('contact', Array)
#9 /opt/lampp/htdocs/yii/framework/web/actions/CInlineAction.php(49): SiteController->actionContact()
#10 /opt/lampp/htdocs/yii/framework/web/CController.php(308): CInlineAction->runWithParams(Array)
#11 /opt/lampp/htdocs/yii/framework/web/CController.php(286): CController->runAction(Object(CInlineAction))
#12 /opt/lampp/htdocs/yii/framework/web/CController.php(265): CController->runActionWithFilters(Object(CInlineAction), Array)
#13 /opt/lampp/htdocs/yii/framework/web/CWebApplication.php(282): CController->run('contact')
#14 /opt/lampp/htdocs/yii/framework/web/CWebApplication.php(141): CWebApplication->runController('site/contact')
#15 /opt/lampp/htdocs/yii/framework/base/CApplication.php(180): CWebApplication->processRequest()
#16 /opt/lampp/htdocs/RetroApp/index.php(13): CApplication->run()
#17 {main}
REQUEST_URI=/RetroApp/index.php?r=site/contact
HTTP_REFERER=http://localhost/RetroApp/index.php/site/contact
---
2015/03/15 07:27:10 [error] [exception.CException] exception 'CException' with message 'Property "Languages.name" is not defined.' in /opt/lampp/htdocs/yii/framework/base/CComponent.php:130
Stack trace:
#0 /opt/lampp/htdocs/yii/framework/db/ar/CActiveRecord.php(145): CComponent->__get('name')
#1 /opt/lampp/htdocs/RetroApp/protected/controllers/SiteController.php(27): CActiveRecord->__get('name')
#2 /opt/lampp/htdocs/yii/framework/web/actions/CInlineAction.php(49): SiteController->actionGetLanguages()
#3 /opt/lampp/htdocs/yii/framework/web/CController.php(308): CInlineAction->runWithParams(Array)
#4 /opt/lampp/htdocs/yii/framework/web/CController.php(286): CController->runAction(Object(CInlineAction))
#5 /opt/lampp/htdocs/yii/framework/web/CController.php(265): CController->runActionWithFilters(Object(CInlineAction), Array)
#6 /opt/lampp/htdocs/yii/framework/web/CWebApplication.php(282): CController->run('getLanguages')
#7 /opt/lampp/htdocs/yii/framework/web/CWebApplication.php(141): CWebApplication->runController('site/getLanguag...')
#8 /opt/lampp/htdocs/yii/framework/base/CApplication.php(180): CWebApplication->processRequest()
#9 /opt/lampp/htdocs/RetroApp/index.php(13): CApplication->run()
#10 {main}
REQUEST_URI=/RetroApp/index.php?r=site/getLanguages
---
2015/03/15 08:19:59 [error] [php] Undefined variable: resposne (/opt/lampp/htdocs/RetroApp/protected/controllers/SiteController.php:32)
Stack trace:
#0 /opt/lampp/htdocs/yii/framework/web/CController.php(286): SiteController->runAction()
#1 /opt/lampp/htdocs/yii/framework/web/CController.php(265): SiteController->runActionWithFilters()
#2 /opt/lampp/htdocs/yii/framework/web/CWebApplication.php(282): SiteController->run()
#3 /opt/lampp/htdocs/yii/framework/web/CWebApplication.php(141): CWebApplication->runController()
#4 /opt/lampp/htdocs/yii/framework/base/CApplication.php(180): CWebApplication->processRequest()
#5 /opt/lampp/htdocs/RetroApp/index.php(13): CWebApplication->run()
REQUEST_URI=/RetroApp/index.php/site/getLanguages
in /opt/lampp/htdocs/RetroApp/protected/controllers/SiteController.php (32)
in /opt/lampp/htdocs/RetroApp/index.php (13)
2015/03/15 08:31:50 [error] [php] Undefined variable: resposne (/opt/lampp/htdocs/RetroApp/protected/controllers/SiteController.php:46)
Stack trace:
#0 /opt/lampp/htdocs/yii/framework/web/CController.php(286): SiteController->runAction()
#1 /opt/lampp/htdocs/yii/framework/web/CController.php(265): SiteController->runActionWithFilters()
#2 /opt/lampp/htdocs/yii/framework/web/CWebApplication.php(282): SiteController->run()
#3 /opt/lampp/htdocs/yii/framework/web/CWebApplication.php(141): CWebApplication->runController()
#4 /opt/lampp/htdocs/yii/framework/base/CApplication.php(180): CWebApplication->processRequest()
#5 /opt/lampp/htdocs/RetroApp/index.php(13): CWebApplication->run()
REQUEST_URI=/RetroApp/index.php/site/getAlbums
in /opt/lampp/htdocs/RetroApp/protected/controllers/SiteController.php (46)
in /opt/lampp/htdocs/RetroApp/index.php (13)
2015/03/15 09:06:48 [error] [system.db.CDbCommand] CDbCommand::fetchAll() failed: SQLSTATE[42000]: Syntax error or access violation: 1064 You have an error in your SQL syntax; check the manual that corresponds to your MySQL server version for the right syntax to use near '[0, 1]' at line 1. The SQL statement executed was: SELECT * FROM `albums` `t` WHERE id in [0, 1].
in /opt/lampp/htdocs/RetroApp/protected/models/Albums.php (113)
in /opt/lampp/htdocs/RetroApp/protected/controllers/SiteController.php (48)
in /opt/lampp/htdocs/RetroApp/index.php (13)
2015/03/15 09:06:48 [error] [exception.CDbException] exception 'CDbException' with message 'CDbCommand failed to execute the SQL statement: SQLSTATE[42000]: Syntax error or access violation: 1064 You have an error in your SQL syntax; check the manual that corresponds to your MySQL server version for the right syntax to use near '[0, 1]' at line 1. The SQL statement executed was: SELECT * FROM `albums` `t` WHERE id in [0, 1]' in /opt/lampp/htdocs/yii/framework/db/CDbCommand.php:543
Stack trace:
#0 /opt/lampp/htdocs/yii/framework/db/CDbCommand.php(396): CDbCommand->queryInternal('fetchAll', Array, Array)
#1 /opt/lampp/htdocs/yii/framework/db/ar/CActiveRecord.php(1351): CDbCommand->queryAll()
#2 /opt/lampp/htdocs/yii/framework/db/ar/CActiveRecord.php(1470): CActiveRecord->query(Object(CDbCriteria), true)
#3 /opt/lampp/htdocs/RetroApp/protected/models/Albums.php(113): CActiveRecord->findAll('id in [0, 1]')
#4 /opt/lampp/htdocs/RetroApp/protected/controllers/SiteController.php(48): Albums->getAlbums('[0, 1]')
#5 /opt/lampp/htdocs/yii/framework/web/actions/CInlineAction.php(49): SiteController->actionGetAlbums()
#6 /opt/lampp/htdocs/yii/framework/web/CController.php(308): CInlineAction->runWithParams(Array)
#7 /opt/lampp/htdocs/yii/framework/web/CController.php(286): CController->runAction(Object(CInlineAction))
#8 /opt/lampp/htdocs/yii/framework/web/CController.php(265): CController->runActionWithFilters(Object(CInlineAction), Array)
#9 /opt/lampp/htdocs/yii/framework/web/CWebApplication.php(282): CController->run('getAlbums')
#10 /opt/lampp/htdocs/yii/framework/web/CWebApplication.php(141): CWebApplication->runController('site/getAlbums')
#11 /opt/lampp/htdocs/yii/framework/base/CApplication.php(180): CWebApplication->processRequest()
#12 /opt/lampp/htdocs/RetroApp/index.php(13): CApplication->run()
#13 {main}
REQUEST_URI=/RetroApp/index.php/site/getAlbums
---
2015/03/15 09:07:47 [error] [system.db.CDbCommand] CDbCommand::fetchAll() failed: SQLSTATE[42000]: Syntax error or access violation: 1064 You have an error in your SQL syntax; check the manual that corresponds to your MySQL server version for the right syntax to use near '' at line 1. The SQL statement executed was: SELECT * FROM `albums` `t` WHERE id in .
in /opt/lampp/htdocs/RetroApp/protected/models/Albums.php (113)
in /opt/lampp/htdocs/RetroApp/protected/controllers/SiteController.php (48)
in /opt/lampp/htdocs/RetroApp/index.php (13)
2015/03/15 09:07:47 [error] [exception.CDbException] exception 'CDbException' with message 'CDbCommand failed to execute the SQL statement: SQLSTATE[42000]: Syntax error or access violation: 1064 You have an error in your SQL syntax; check the manual that corresponds to your MySQL server version for the right syntax to use near '' at line 1. The SQL statement executed was: SELECT * FROM `albums` `t` WHERE id in ' in /opt/lampp/htdocs/yii/framework/db/CDbCommand.php:543
Stack trace:
#0 /opt/lampp/htdocs/yii/framework/db/CDbCommand.php(396): CDbCommand->queryInternal('fetchAll', Array, Array)
#1 /opt/lampp/htdocs/yii/framework/db/ar/CActiveRecord.php(1351): CDbCommand->queryAll()
#2 /opt/lampp/htdocs/yii/framework/db/ar/CActiveRecord.php(1470): CActiveRecord->query(Object(CDbCriteria), true)
#3 /opt/lampp/htdocs/RetroApp/protected/models/Albums.php(113): CActiveRecord->findAll('id in ')
#4 /opt/lampp/htdocs/RetroApp/protected/controllers/SiteController.php(48): Albums->getAlbums(NULL)
#5 /opt/lampp/htdocs/yii/framework/web/actions/CInlineAction.php(49): SiteController->actionGetAlbums()
#6 /opt/lampp/htdocs/yii/framework/web/CController.php(308): CInlineAction->runWithParams(Array)
#7 /opt/lampp/htdocs/yii/framework/web/CController.php(286): CController->runAction(Object(CInlineAction))
#8 /opt/lampp/htdocs/yii/framework/web/CController.php(265): CController->runActionWithFilters(Object(CInlineAction), Array)
#9 /opt/lampp/htdocs/yii/framework/web/CWebApplication.php(282): CController->run('getAlbums')
#10 /opt/lampp/htdocs/yii/framework/web/CWebApplication.php(141): CWebApplication->runController('site/getAlbums')
#11 /opt/lampp/htdocs/yii/framework/base/CApplication.php(180): CWebApplication->processRequest()
#12 /opt/lampp/htdocs/RetroApp/index.php(13): CApplication->run()
#13 {main}
REQUEST_URI=/RetroApp/index.php/site/getAlbums
---
2015/03/15 09:49:27 [error] [system.db.CDbCommand] CDbCommand::fetchAll() failed: SQLSTATE[42000]: Syntax error or access violation: 1064 You have an error in your SQL syntax; check the manual that corresponds to your MySQL server version for the right syntax to use near '[1, 0]' at line 1. The SQL statement executed was: SELECT * FROM `albums` `t` WHERE id in [1, 0].
in /opt/lampp/htdocs/RetroApp/protected/models/Albums.php (113)
in /opt/lampp/htdocs/RetroApp/protected/controllers/SiteController.php (49)
in /opt/lampp/htdocs/RetroApp/index.php (13)
2015/03/15 09:49:27 [error] [exception.CDbException] exception 'CDbException' with message 'CDbCommand failed to execute the SQL statement: SQLSTATE[42000]: Syntax error or access violation: 1064 You have an error in your SQL syntax; check the manual that corresponds to your MySQL server version for the right syntax to use near '[1, 0]' at line 1. The SQL statement executed was: SELECT * FROM `albums` `t` WHERE id in [1, 0]' in /opt/lampp/htdocs/yii/framework/db/CDbCommand.php:543
Stack trace:
#0 /opt/lampp/htdocs/yii/framework/db/CDbCommand.php(396): CDbCommand->queryInternal('fetchAll', Array, Array)
#1 /opt/lampp/htdocs/yii/framework/db/ar/CActiveRecord.php(1351): CDbCommand->queryAll()
#2 /opt/lampp/htdocs/yii/framework/db/ar/CActiveRecord.php(1470): CActiveRecord->query(Object(CDbCriteria), true)
#3 /opt/lampp/htdocs/RetroApp/protected/models/Albums.php(113): CActiveRecord->findAll('id in [1, 0]')
#4 /opt/lampp/htdocs/RetroApp/protected/controllers/SiteController.php(49): Albums->getAlbums('[1, 0]')
#5 /opt/lampp/htdocs/yii/framework/web/actions/CInlineAction.php(49): SiteController->actionGetAlbums()
#6 /opt/lampp/htdocs/yii/framework/web/CController.php(308): CInlineAction->runWithParams(Array)
#7 /opt/lampp/htdocs/yii/framework/web/CController.php(286): CController->runAction(Object(CInlineAction))
#8 /opt/lampp/htdocs/yii/framework/web/CController.php(265): CController->runActionWithFilters(Object(CInlineAction), Array)
#9 /opt/lampp/htdocs/yii/framework/web/CWebApplication.php(282): CController->run('getAlbums')
#10 /opt/lampp/htdocs/yii/framework/web/CWebApplication.php(141): CWebApplication->runController('site/getAlbums')
#11 /opt/lampp/htdocs/yii/framework/base/CApplication.php(180): CWebApplication->processRequest()
#12 /opt/lampp/htdocs/RetroApp/index.php(13): CApplication->run()
#13 {main}
REQUEST_URI=/RetroApp/index.php/site/getAlbums
---
2015/03/15 09:50:06 [error] [system.db.CDbCommand] CDbCommand::fetchAll() failed: SQLSTATE[42000]: Syntax error or access violation: 1064 You have an error in your SQL syntax; check the manual that corresponds to your MySQL server version for the right syntax to use near '' at line 1. The SQL statement executed was: SELECT * FROM `albums` `t` WHERE id in .
in /opt/lampp/htdocs/RetroApp/protected/models/Albums.php (113)
in /opt/lampp/htdocs/RetroApp/protected/controllers/SiteController.php (49)
in /opt/lampp/htdocs/RetroApp/index.php (13)
2015/03/15 09:50:06 [error] [exception.CDbException] exception 'CDbException' with message 'CDbCommand failed to execute the SQL statement: SQLSTATE[42000]: Syntax error or access violation: 1064 You have an error in your SQL syntax; check the manual that corresponds to your MySQL server version for the right syntax to use near '' at line 1. The SQL statement executed was: SELECT * FROM `albums` `t` WHERE id in ' in /opt/lampp/htdocs/yii/framework/db/CDbCommand.php:543
Stack trace:
#0 /opt/lampp/htdocs/yii/framework/db/CDbCommand.php(396): CDbCommand->queryInternal('fetchAll', Array, Array)
#1 /opt/lampp/htdocs/yii/framework/db/ar/CActiveRecord.php(1351): CDbCommand->queryAll()
#2 /opt/lampp/htdocs/yii/framework/db/ar/CActiveRecord.php(1470): CActiveRecord->query(Object(CDbCriteria), true)
#3 /opt/lampp/htdocs/RetroApp/protected/models/Albums.php(113): CActiveRecord->findAll('id in ')
#4 /opt/lampp/htdocs/RetroApp/protected/controllers/SiteController.php(49): Albums->getAlbums(NULL)
#5 /opt/lampp/htdocs/yii/framework/web/actions/CInlineAction.php(49): SiteController->actionGetAlbums()
#6 /opt/lampp/htdocs/yii/framework/web/CController.php(308): CInlineAction->runWithParams(Array)
#7 /opt/lampp/htdocs/yii/framework/web/CController.php(286): CController->runAction(Object(CInlineAction))
#8 /opt/lampp/htdocs/yii/framework/web/CController.php(265): CController->runActionWithFilters(Object(CInlineAction), Array)
#9 /opt/lampp/htdocs/yii/framework/web/CWebApplication.php(282): CController->run('getAlbums')
#10 /opt/lampp/htdocs/yii/framework/web/CWebApplication.php(141): CWebApplication->runController('site/getAlbums')
#11 /opt/lampp/htdocs/yii/framework/base/CApplication.php(180): CWebApplication->processRequest()
#12 /opt/lampp/htdocs/RetroApp/index.php(13): CApplication->run()
#13 {main}
REQUEST_URI=/RetroApp/index.php/site/getAlbums
---
2015/03/15 15:46:06 [error] [system.db.CDbCommand] CDbCommand::fetchAll() failed: SQLSTATE[42000]: Syntax error or access violation: 1064 You have an error in your SQL syntax; check the manual that corresponds to your MySQL server version for the right syntax to use near 'album3 in (0,1) album4 in (0,1) album5 in (0,1)' at line 1. The SQL statement executed was: SELECT * FROM `songs` `t` WHERE album1 in (0,1) || album2 in (0,1)album3 in (0,1) album4 in (0,1) album5 in (0,1).
in /opt/lampp/htdocs/RetroApp/protected/models/Songs.php (132)
in /opt/lampp/htdocs/RetroApp/protected/controllers/SiteController.php (75)
in /opt/lampp/htdocs/RetroApp/index.php (13)
2015/03/15 15:46:06 [error] [exception.CDbException] exception 'CDbException' with message 'CDbCommand failed to execute the SQL statement: SQLSTATE[42000]: Syntax error or access violation: 1064 You have an error in your SQL syntax; check the manual that corresponds to your MySQL server version for the right syntax to use near 'album3 in (0,1) album4 in (0,1) album5 in (0,1)' at line 1. The SQL statement executed was: SELECT * FROM `songs` `t` WHERE album1 in (0,1) || album2 in (0,1)album3 in (0,1) album4 in (0,1) album5 in (0,1)' in /opt/lampp/htdocs/yii/framework/db/CDbCommand.php:543
Stack trace:
#0 /opt/lampp/htdocs/yii/framework/db/CDbCommand.php(396): CDbCommand->queryInternal('fetchAll', Array, Array)
#1 /opt/lampp/htdocs/yii/framework/db/ar/CActiveRecord.php(1351): CDbCommand->queryAll()
#2 /opt/lampp/htdocs/yii/framework/db/ar/CActiveRecord.php(1470): CActiveRecord->query(Object(CDbCriteria), true)
#3 /opt/lampp/htdocs/RetroApp/protected/models/Songs.php(132): CActiveRecord->findAll('album1 in (0,1)...')
#4 /opt/lampp/htdocs/RetroApp/protected/controllers/SiteController.php(75): Songs->getSongs('0,1')
#5 /opt/lampp/htdocs/yii/framework/web/actions/CInlineAction.php(49): SiteController->actionGetSongs()
#6 /opt/lampp/htdocs/yii/framework/web/CController.php(308): CInlineAction->runWithParams(Array)
#7 /opt/lampp/htdocs/yii/framework/web/CController.php(286): CController->runAction(Object(CInlineAction))
#8 /opt/lampp/htdocs/yii/framework/web/CController.php(265): CController->runActionWithFilters(Object(CInlineAction), Array)
#9 /opt/lampp/htdocs/yii/framework/web/CWebApplication.php(282): CController->run('getSongs')
#10 /opt/lampp/htdocs/yii/framework/web/CWebApplication.php(141): CWebApplication->runController('site/getSongs')
#11 /opt/lampp/htdocs/yii/framework/base/CApplication.php(180): CWebApplication->processRequest()
#12 /opt/lampp/htdocs/RetroApp/index.php(13): CApplication->run()
#13 {main}
REQUEST_URI=/RetroApp/index.php/site/getSongs
---
2015/03/15 15:48:21 [error] [system.db.CDbCommand] CDbCommand::fetchAll() failed: SQLSTATE[42000]: Syntax error or access violation: 1064 You have an error in your SQL syntax; check the manual that corresponds to your MySQL server version for the right syntax to use near 'album3 in (0,1) album4 in (0,1) album5 in (0,1)' at line 1. The SQL statement executed was: SELECT * FROM `songs` `t` WHERE album1 in (0,1) || album2 in (0,1)album3 in (0,1) album4 in (0,1) album5 in (0,1).
in /opt/lampp/htdocs/RetroApp/protected/models/Songs.php (132)
in /opt/lampp/htdocs/RetroApp/protected/controllers/SiteController.php (75)
in /opt/lampp/htdocs/RetroApp/index.php (13)
2015/03/15 15:48:21 [error] [exception.CDbException] exception 'CDbException' with message 'CDbCommand failed to execute the SQL statement: SQLSTATE[42000]: Syntax error or access violation: 1064 You have an error in your SQL syntax; check the manual that corresponds to your MySQL server version for the right syntax to use near 'album3 in (0,1) album4 in (0,1) album5 in (0,1)' at line 1. The SQL statement executed was: SELECT * FROM `songs` `t` WHERE album1 in (0,1) || album2 in (0,1)album3 in (0,1) album4 in (0,1) album5 in (0,1)' in /opt/lampp/htdocs/yii/framework/db/CDbCommand.php:543
Stack trace:
#0 /opt/lampp/htdocs/yii/framework/db/CDbCommand.php(396): CDbCommand->queryInternal('fetchAll', Array, Array)
#1 /opt/lampp/htdocs/yii/framework/db/ar/CActiveRecord.php(1351): CDbCommand->queryAll()
#2 /opt/lampp/htdocs/yii/framework/db/ar/CActiveRecord.php(1470): CActiveRecord->query(Object(CDbCriteria), true)
#3 /opt/lampp/htdocs/RetroApp/protected/models/Songs.php(132): CActiveRecord->findAll('album1 in (0,1)...')
#4 /opt/lampp/htdocs/RetroApp/protected/controllers/SiteController.php(75): Songs->getSongs('0,1')
#5 /opt/lampp/htdocs/yii/framework/web/actions/CInlineAction.php(49): SiteController->actionGetSongs()
#6 /opt/lampp/htdocs/yii/framework/web/CController.php(308): CInlineAction->runWithParams(Array)
#7 /opt/lampp/htdocs/yii/framework/web/CController.php(286): CController->runAction(Object(CInlineAction))
#8 /opt/lampp/htdocs/yii/framework/web/CController.php(265): CController->runActionWithFilters(Object(CInlineAction), Array)
#9 /opt/lampp/htdocs/yii/framework/web/CWebApplication.php(282): CController->run('getSongs')
#10 /opt/lampp/htdocs/yii/framework/web/CWebApplication.php(141): CWebApplication->runController('site/getSongs')
#11 /opt/lampp/htdocs/yii/framework/base/CApplication.php(180): CWebApplication->processRequest()
#12 /opt/lampp/htdocs/RetroApp/index.php(13): CApplication->run()
#13 {main}
REQUEST_URI=/RetroApp/index.php/site/getSongs
---
2015/03/15 15:48:46 [error] [system.db.CDbCommand] CDbCommand::fetchAll() failed: SQLSTATE[42000]: Syntax error or access violation: 1064 You have an error in your SQL syntax; check the manual that corresponds to your MySQL server version for the right syntax to use near 'album3 in (1,2) album4 in (1,2) album5 in (1,2)' at line 1. The SQL statement executed was: SELECT * FROM `songs` `t` WHERE album1 in (1,2) || album2 in (1,2)album3 in (1,2) album4 in (1,2) album5 in (1,2).
in /opt/lampp/htdocs/RetroApp/protected/models/Songs.php (132)
in /opt/lampp/htdocs/RetroApp/protected/controllers/SiteController.php (75)
in /opt/lampp/htdocs/RetroApp/index.php (13)
2015/03/15 15:48:46 [error] [exception.CDbException] exception 'CDbException' with message 'CDbCommand failed to execute the SQL statement: SQLSTATE[42000]: Syntax error or access violation: 1064 You have an error in your SQL syntax; check the manual that corresponds to your MySQL server version for the right syntax to use near 'album3 in (1,2) album4 in (1,2) album5 in (1,2)' at line 1. The SQL statement executed was: SELECT * FROM `songs` `t` WHERE album1 in (1,2) || album2 in (1,2)album3 in (1,2) album4 in (1,2) album5 in (1,2)' in /opt/lampp/htdocs/yii/framework/db/CDbCommand.php:543
Stack trace:
#0 /opt/lampp/htdocs/yii/framework/db/CDbCommand.php(396): CDbCommand->queryInternal('fetchAll', Array, Array)
#1 /opt/lampp/htdocs/yii/framework/db/ar/CActiveRecord.php(1351): CDbCommand->queryAll()
#2 /opt/lampp/htdocs/yii/framework/db/ar/CActiveRecord.php(1470): CActiveRecord->query(Object(CDbCriteria), true)
#3 /opt/lampp/htdocs/RetroApp/protected/models/Songs.php(132): CActiveRecord->findAll('album1 in (1,2)...')
#4 /opt/lampp/htdocs/RetroApp/protected/controllers/SiteController.php(75): Songs->getSongs('1,2')
#5 /opt/lampp/htdocs/yii/framework/web/actions/CInlineAction.php(49): SiteController->actionGetSongs()
#6 /opt/lampp/htdocs/yii/framework/web/CController.php(308): CInlineAction->runWithParams(Array)
#7 /opt/lampp/htdocs/yii/framework/web/CController.php(286): CController->runAction(Object(CInlineAction))
#8 /opt/lampp/htdocs/yii/framework/web/CController.php(265): CController->runActionWithFilters(Object(CInlineAction), Array)
#9 /opt/lampp/htdocs/yii/framework/web/CWebApplication.php(282): CController->run('getSongs')
#10 /opt/lampp/htdocs/yii/framework/web/CWebApplication.php(141): CWebApplication->runController('site/getSongs')
#11 /opt/lampp/htdocs/yii/framework/base/CApplication.php(180): CWebApplication->processRequest()
#12 /opt/lampp/htdocs/RetroApp/index.php(13): CApplication->run()
#13 {main}
REQUEST_URI=/RetroApp/index.php/site/getSongs
---
